<?xml version="1.0" encoding="UTF-8"?>
<testng-results skipped="0" failed="1" ignored="0" total="2" passed="1">
  <reporter-output>
  </reporter-output>
  <suite name="Default suite" duration-ms="129829" started-at="2019-10-16T16:44:13 IST" finished-at="2019-10-16T16:46:23 IST">
    <groups>
    </groups>
    <test name="Default test" duration-ms="129829" started-at="2019-10-16T16:44:13 IST" finished-at="2019-10-16T16:46:23 IST">
      <class name="com.crm.LoginTest.VerifyActiLogin">
        <test-method status="PASS" signature="openBrowser()[pri:0, instance:com.crm.LoginTest.VerifyActiLogin@6e0e048a]" name="openBrowser" is-config="true" duration-ms="53116" started-at="2019-10-16T16:44:13 IST" finished-at="2019-10-16T16:45:06 IST">
          <reporter-output>
          </reporter-output>
        </test-method> <!-- openBrowser -->
        <test-method status="PASS" signature="actiValidLoginTest()[pri:1, instance:com.crm.LoginTest.VerifyActiLogin@6e0e048a]" name="actiValidLoginTest" duration-ms="68951" started-at="2019-10-16T16:45:06 IST" finished-at="2019-10-16T16:46:15 IST">
          <reporter-output>
          </reporter-output>
        </test-method> <!-- actiValidLoginTest -->
        <test-method status="FAIL" signature="purchaseOrder()[pri:2, instance:com.crm.LoginTest.VerifyActiLogin@6e0e048a]" name="purchaseOrder" duration-ms="3" started-at="2019-10-16T16:46:15 IST" finished-at="2019-10-16T16:46:15 IST">
          <exception class="java.lang.Error">
            <message>
              <![CDATA[Unresolved compilation problem: 
Unhandled exception type Throwable
]]>
            </message>
            <full-stacktrace>
              <![CDATA[java.lang.Error: Unresolved compilation problem: 
Unhandled exception type Throwable

at com.crm.LoginTest.VerifyActiLogin.purchaseOrder(VerifyActiLogin.java:45)
at sun.reflect.NativeMethodAccessorImpl.invoke0(Native Method)
at sun.reflect.NativeMethodAccessorImpl.invoke(Unknown Source)
at sun.reflect.DelegatingMethodAccessorImpl.invoke(Unknown Source)
at java.lang.reflect.Method.invoke(Unknown Source)
at org.testng.internal.MethodInvocationHelper.invokeMethod(MethodInvocationHelper.java:133)
at org.testng.internal.TestInvoker.invokeMethod(TestInvoker.java:584)
at org.testng.internal.TestInvoker.invokeTestMethod(TestInvoker.java:172)
at org.testng.internal.MethodRunner.runInSequence(MethodRunner.java:46)
at org.testng.internal.TestInvoker$MethodInvocationAgent.invoke(TestInvoker.java:804)
at org.testng.internal.TestInvoker.invokeTestMethods(TestInvoker.java:145)
at org.testng.internal.TestMethodWorker.invokeTestMethods(TestMethodWorker.java:146)
at org.testng.internal.TestMethodWorker.run(TestMethodWorker.java:128)
at org.testng.TestRunner$$Lambda$45/1384722895.accept(Unknown Source)
at java.util.ArrayList.forEach(Unknown Source)
at org.testng.TestRunner.privateRun(TestRunner.java:770)
at org.testng.TestRunner.run(TestRunner.java:591)
at org.testng.SuiteRunner.runTest(SuiteRunner.java:402)
at org.testng.SuiteRunner.runSequentially(SuiteRunner.java:396)
at org.testng.SuiteRunner.privateRun(SuiteRunner.java:355)
at org.testng.SuiteRunner.run(SuiteRunner.java:304)
at org.testng.SuiteRunnerWorker.runSuite(SuiteRunnerWorker.java:53)
at org.testng.SuiteRunnerWorker.run(SuiteRunnerWorker.java:96)
at org.testng.TestNG.runSuitesSequentially(TestNG.java:1180)
at org.testng.TestNG.runSuitesLocally(TestNG.java:1102)
at org.testng.TestNG.runSuites(TestNG.java:1032)
at org.testng.TestNG.run(TestNG.java:1000)
at org.testng.remote.AbstractRemoteTestNG.run(AbstractRemoteTestNG.java:115)
at org.testng.remote.RemoteTestNG.initAndRun(RemoteTestNG.java:251)
at org.testng.remote.RemoteTestNG.main(RemoteTestNG.java:77)
]]>
            </full-stacktrace>
          </exception> <!-- java.lang.Error -->
          <reporter-output>
          </reporter-output>
        </test-method> <!-- purchaseOrder -->
        <test-method status="PASS" signature="closeBrowser()[pri:0, instance:com.crm.LoginTest.VerifyActiLogin@6e0e048a]" name="closeBrowser" is-config="true" duration-ms="7596" started-at="2019-10-16T16:46:15 IST" finished-at="2019-10-16T16:46:23 IST">
          <reporter-output>
          </reporter-output>
        </test-method> <!-- closeBrowser -->
      </class> <!-- com.crm.LoginTest.VerifyActiLogin -->
    </test> <!-- Default test -->
  </suite> <!-- Default suite -->
</testng-results>
